cargo :     Checking api v0.1.0 (C:\Users\squi
r\Documentos\Proyectos\poly-comp\apps\api)
En línea: 1 Carácter: 1
+ cargo check > compile_error.log 2>&1
+ ~~~~~~~~~~~~~~~~~~~~~~~~~~~~~~~~~~~~
    + CategoryInfo          : NotSpecified:   
  (    Checking ap...-comp\apps\api):Str    
ing) [], RemoteException
    + FullyQualifiedErrorId : NativeCommand   
 Error
 
error: unexpected closing delimiter: `}`
   --> src\application\card_service.rs:273:1
    |
 22 | impl CardService {
    |                  - this delimiter might 
not be properly closed...
...
135 |     }
    |     - ...as it matches this but it has 
different indentation
...
273 | }
    | ^ unexpected closing delimiter

error: could not compile `api` (bin "api") 
due to 1 previous error
