cargo :     Checking api v0.1.0 (C:\Users\squir\Doc
umentos\Proyectos\poly-comp\apps\api)
En línea: 1 Carácter: 1
+ cargo check 2>&1 | Out-File -Encoding utf8 
error.log
+ ~~~~~~~~~~~~~~~~
    + CategoryInfo          : NotSpecified: (    C 
   hecking ap...-comp\apps\api):String) [], Remot  
  eException
    + FullyQualifiedErrorId : NativeCommandError
 
error: unexpected closing delimiter: `}`
   --> src\application\game_service.rs:277:1
    |
131 |     pub async fn update_game(&self, game_id: 
Uuid, user_id: Uuid, name: Option<String>, status: 
Option<String>) -> Result<GameSession, 
anyhow::Error> {
    |                                              
                                                   
                                                   
   - this delimiter might not be properly closed...
...
142 |         }
    |         - ...as it matches this but it has 
different indentation
...
277 | }
    | ^ unexpected closing delimiter

error: could not compile `api` (bin "api") due to 
1 previous error
